Determining if the pthread_create exist failed with the following output:
Change Dir: /home/philb/AndroidStudioProjects/Mp3Converter/app/CMakeFiles/CMakeTmp

Run Build Command:"/usr/bin/make" "cmTC_da1b7/fast"
/usr/bin/make -f CMakeFiles/cmTC_da1b7.dir/build.make CMakeFiles/cmTC_da1b7.dir/build
make[1]: Entering directory '/home/philb/AndroidStudioProjects/Mp3Converter/app/CMakeFiles/CMakeTmp'
Building C object CMakeFiles/cmTC_da1b7.dir/CheckSymbolExists.c.o
/usr/bin/cc   -Wall -W -Wpointer-arith -Wcast-qual -Wstrict-prototypes -Wno-unused-parameter -Wdeclaration-after-statement -Werror=implicit-function-declaration -Wbad-function-cast -Wcast-align  -fPIE   -o CMakeFiles/cmTC_da1b7.dir/CheckSymbolExists.c.o   -c /home/philb/AndroidStudioProjects/Mp3Converter/app/CMakeFiles/CMakeTmp/CheckSymbolExists.c
Linking C executable cmTC_da1b7
/home/philb/Android/Sdk/cmake/3.10.2.4988404/bin/cmake -E cmake_link_script CMakeFiles/cmTC_da1b7.dir/link.txt --verbose=1
/usr/bin/cc  -Wall -W -Wpointer-arith -Wcast-qual -Wstrict-prototypes -Wno-unused-parameter -Wdeclaration-after-statement -Werror=implicit-function-declaration -Wbad-function-cast -Wcast-align     -rdynamic CMakeFiles/cmTC_da1b7.dir/CheckSymbolExists.c.o  -o cmTC_da1b7 
CMakeFiles/cmTC_da1b7.dir/CheckSymbolExists.c.o: In function `main':
CheckSymbolExists.c:(.text+0x1b): undefined reference to `pthread_create'
collect2: error: ld returned 1 exit status
CMakeFiles/cmTC_da1b7.dir/build.make:97: recipe for target 'cmTC_da1b7' failed
make[1]: *** [cmTC_da1b7] Error 1
make[1]: Leaving directory '/home/philb/AndroidStudioProjects/Mp3Converter/app/CMakeFiles/CMakeTmp'
Makefile:126: recipe for target 'cmTC_da1b7/fast' failed
make: *** [cmTC_da1b7/fast] Error 2

File /home/philb/AndroidStudioProjects/Mp3Converter/app/CMakeFiles/CMakeTmp/CheckSymbolExists.c:
/* */
#include <pthread.h>

int main(int argc, char** argv)
{
  (void)argv;
#ifndef pthread_create
  return ((int*)(&pthread_create))[argc];
#else
  (void)argc;
  return 0;
#endif
}

Determining if the function pthread_create exists in the pthreads failed with the following output:
Change Dir: /home/philb/AndroidStudioProjects/Mp3Converter/app/CMakeFiles/CMakeTmp

Run Build Command:"/usr/bin/make" "cmTC_75716/fast"
/usr/bin/make -f CMakeFiles/cmTC_75716.dir/build.make CMakeFiles/cmTC_75716.dir/build
make[1]: Entering directory '/home/philb/AndroidStudioProjects/Mp3Converter/app/CMakeFiles/CMakeTmp'
Building C object CMakeFiles/cmTC_75716.dir/CheckFunctionExists.c.o
/usr/bin/cc   -Wall -W -Wpointer-arith -Wcast-qual -Wstrict-prototypes -Wno-unused-parameter -Wdeclaration-after-statement -Werror=implicit-function-declaration -Wbad-function-cast -Wcast-align -DCHECK_FUNCTION_EXISTS=pthread_create -fPIE   -o CMakeFiles/cmTC_75716.dir/CheckFunctionExists.c.o   -c /home/philb/Android/Sdk/cmake/3.10.2.4988404/share/cmake-3.10/Modules/CheckFunctionExists.c
Linking C executable cmTC_75716
/home/philb/Android/Sdk/cmake/3.10.2.4988404/bin/cmake -E cmake_link_script CMakeFiles/cmTC_75716.dir/link.txt --verbose=1
/usr/bin/cc  -Wall -W -Wpointer-arith -Wcast-qual -Wstrict-prototypes -Wno-unused-parameter -Wdeclaration-after-statement -Werror=implicit-function-declaration -Wbad-function-cast -Wcast-align -DCHECK_FUNCTION_EXISTS=pthread_create    -rdynamic CMakeFiles/cmTC_75716.dir/CheckFunctionExists.c.o  -o cmTC_75716 -lpthreads 
/usr/bin/ld: cannot find -lpthreads
collect2: error: ld returned 1 exit status
CMakeFiles/cmTC_75716.dir/build.make:97: recipe for target 'cmTC_75716' failed
make[1]: *** [cmTC_75716] Error 1
make[1]: Leaving directory '/home/philb/AndroidStudioProjects/Mp3Converter/app/CMakeFiles/CMakeTmp'
Makefile:126: recipe for target 'cmTC_75716/fast' failed
make: *** [cmTC_75716/fast] Error 2


