This file contains any messages produced by compilers while
running configure, to aid debugging if configure makes a mistake.

It was created by lame configure 3.100, which was
generated by GNU Autoconf 2.69.  Invocation command line was

  $ ./configure --prefix=/home/philb/ffmpeg-android-maker/build/external/arm64-v8a --host=aarch64-linux-android21 --with-sysroot=/toolchains/llvm/prebuilt/linux-x86_64/sysroot --disable-shared --enable-static --with-pic --disable-fast-install --disable-analyzer-hooks --disable-gtktest --disable-frontend CC=/toolchains/llvm/prebuilt/linux-x86_64/bin/aarch64-linux-android21-clang AR=/toolchains/llvm/prebuilt/linux-x86_64/bin/aarch64-linux-android-ar RANLIB=/toolchains/llvm/prebuilt/linux-x86_64/bin/aarch64-linux-android-ranlib

## --------- ##
## Platform. ##
## --------- ##

hostname = philb-HP-255-G7-Notebook-PC
uname -m = x86_64
uname -r = 5.0.0-32-generic
uname -s = Linux
uname -v = #34~18.04.2-Ubuntu SMP Thu Oct 10 10:36:02 UTC 2019

/usr/bin/uname -p = unknown
/bin/uname -X     = unknown

/bin/arch              = unknown
/usr/bin/arch -k       = unknown
/usr/convex/getsysinfo = unknown
/usr/bin/hostinfo      = unknown
/bin/machine           = unknown
/usr/bin/oslevel       = unknown
/bin/universe          = unknown

PATH: /home/philb/.local/bin
PATH: /usr/local/sbin
PATH: /usr/local/bin
PATH: /usr/sbin
PATH: /usr/bin
PATH: /sbin
PATH: /bin
PATH: /usr/games
PATH: /usr/local/games


## ----------- ##
## Core tests. ##
## ----------- ##

configure:2594: checking build system type
configure:2608: result: x86_64-unknown-linux-gnu
configure:2628: checking host system type
configure:2641: result: aarch64-unknown-linux-android21
configure:2678: checking for a BSD-compatible install
configure:2746: result: /usr/bin/install -c
configure:2757: checking whether build environment is sane
configure:2812: result: yes
configure:2871: checking for aarch64-linux-android21-strip
configure:2901: result: no
configure:2911: checking for strip
configure:2927: found /usr/bin/strip
configure:2938: result: strip
configure:2963: checking for a thread-safe mkdir -p
configure:3002: result: /bin/mkdir -p
configure:3009: checking for gawk
configure:3025: found /usr/bin/gawk
configure:3036: result: gawk
configure:3047: checking whether make sets $(MAKE)
configure:3069: result: yes
configure:3098: checking whether make supports nested variables
configure:3115: result: yes
configure:3246: checking whether to enable maintainer-specific portions of Makefiles
configure:3255: result: no
configure:3275: checking for style of include used by make
configure:3303: result: GNU
configure:3340: checking for aarch64-linux-android21-gcc
configure:3367: result: /toolchains/llvm/prebuilt/linux-x86_64/bin/aarch64-linux-android21-clang
configure:3636: checking for C compiler version
configure:3645: /toolchains/llvm/prebuilt/linux-x86_64/bin/aarch64-linux-android21-clang --version >&5
./configure: line 3647: /toolchains/llvm/prebuilt/linux-x86_64/bin/aarch64-linux-android21-clang: No such file or directory
configure:3656: $? = 127
configure:3645: /toolchains/llvm/prebuilt/linux-x86_64/bin/aarch64-linux-android21-clang -v >&5
./configure: line 3647: /toolchains/llvm/prebuilt/linux-x86_64/bin/aarch64-linux-android21-clang: No such file or directory
configure:3656: $? = 127
configure:3645: /toolchains/llvm/prebuilt/linux-x86_64/bin/aarch64-linux-android21-clang -V >&5
./configure: line 3647: /toolchains/llvm/prebuilt/linux-x86_64/bin/aarch64-linux-android21-clang: No such file or directory
configure:3656: $? = 127
configure:3645: /toolchains/llvm/prebuilt/linux-x86_64/bin/aarch64-linux-android21-clang -qversion >&5
./configure: line 3647: /toolchains/llvm/prebuilt/linux-x86_64/bin/aarch64-linux-android21-clang: No such file or directory
configure:3656: $? = 127
configure:3676: checking whether the C compiler works
configure:3698: /toolchains/llvm/prebuilt/linux-x86_64/bin/aarch64-linux-android21-clang    conftest.c  >&5
./configure: line 3700: /toolchains/llvm/prebuilt/linux-x86_64/bin/aarch64-linux-android21-clang: No such file or directory
configure:3702: $? = 127
configure:3740: result: no
configure: failed program was:
| /* confdefs.h */
| #define PACKAGE_NAME "lame"
| #define PACKAGE_TARNAME "lame"
| #define PACKAGE_VERSION "3.100"
| #define PACKAGE_STRING "lame 3.100"
| #define PACKAGE_BUGREPORT "lame-dev@lists.sf.net"
| #define PACKAGE_URL ""
| #define PACKAGE "lame"
| #define VERSION "3.100"
| /* end confdefs.h.  */
| 
| int
| main ()
| {
| 
|   ;
|   return 0;
| }
configure:3745: error: in `/home/philb/ffmpeg-android-maker/sources/libmp3lame/lame-3.100':
configure:3747: error: C compiler cannot create executables
See `config.log' for more details

## ---------------- ##
## Cache variables. ##
## ---------------- ##

ac_cv_build=x86_64-unknown-linux-gnu
ac_cv_env_CC_set=set
ac_cv_env_CC_value=/toolchains/llvm/prebuilt/linux-x86_64/bin/aarch64-linux-android21-clang
ac_cv_env_CFLAGS_set=
ac_cv_env_CFLAGS_value=
ac_cv_env_CPPFLAGS_set=
ac_cv_env_CPPFLAGS_value=
ac_cv_env_CPP_set=
ac_cv_env_CPP_value=
ac_cv_env_LDFLAGS_set=
ac_cv_env_LDFLAGS_value=
ac_cv_env_LIBS_set=
ac_cv_env_LIBS_value=
ac_cv_env_LT_SYS_LIBRARY_PATH_set=
ac_cv_env_LT_SYS_LIBRARY_PATH_value=
ac_cv_env_PKG_CONFIG_LIBDIR_set=set
ac_cv_env_PKG_CONFIG_LIBDIR_value=/home/philb/ffmpeg-android-maker/build/external/arm64-v8a/lib/pkgconfig
ac_cv_env_PKG_CONFIG_PATH_set=
ac_cv_env_PKG_CONFIG_PATH_value=
ac_cv_env_PKG_CONFIG_set=
ac_cv_env_PKG_CONFIG_value=
ac_cv_env_SNDFILE_CFLAGS_set=
ac_cv_env_SNDFILE_CFLAGS_value=
ac_cv_env_SNDFILE_LIBS_set=
ac_cv_env_SNDFILE_LIBS_value=
ac_cv_env_build_alias_set=
ac_cv_env_build_alias_value=
ac_cv_env_host_alias_set=set
ac_cv_env_host_alias_value=aarch64-linux-android21
ac_cv_env_target_alias_set=
ac_cv_env_target_alias_value=
ac_cv_host=aarch64-unknown-linux-android21
ac_cv_path_install='/usr/bin/install -c'
ac_cv_path_mkdir=/bin/mkdir
ac_cv_prog_AWK=gawk
ac_cv_prog_CC=/toolchains/llvm/prebuilt/linux-x86_64/bin/aarch64-linux-android21-clang
ac_cv_prog_ac_ct_STRIP=strip
ac_cv_prog_make_make_set=yes
am_cv_make_support_nested_variables=yes

## ----------------- ##
## Output variables. ##
## ----------------- ##

ACLOCAL='${SHELL} /home/philb/ffmpeg-android-maker/sources/libmp3lame/lame-3.100/missing aclocal-1.15'
ALLOCA=''
AMDEPBACKSLASH='\'
AMDEP_FALSE='#'
AMDEP_TRUE=''
AMTAR='$${TAR-tar}'
AM_BACKSLASH='\'
AM_DEFAULT_V='$(AM_DEFAULT_VERBOSITY)'
AM_DEFAULT_VERBOSITY='1'
AM_V='$(V)'
AR='/toolchains/llvm/prebuilt/linux-x86_64/bin/aarch64-linux-android-ar'
AUTOCONF='${SHELL} /home/philb/ffmpeg-android-maker/sources/libmp3lame/lame-3.100/missing autoconf'
AUTOHEADER='${SHELL} /home/philb/ffmpeg-android-maker/sources/libmp3lame/lame-3.100/missing autoheader'
AUTOMAKE='${SHELL} /home/philb/ffmpeg-android-maker/sources/libmp3lame/lame-3.100/missing automake-1.15'
AWK='gawk'
CC='/toolchains/llvm/prebuilt/linux-x86_64/bin/aarch64-linux-android21-clang'
CCDEPMODE=''
CFLAGS=''
CONFIG_DEFS=''
CONFIG_MATH_LIB=''
CPP=''
CPPFLAGS=''
CPUCCODE=''
CPUTYPE=''
CYGPATH_W='echo'
DEFS=''
DEPDIR='.deps'
DLLTOOL=''
DSYMUTIL=''
DUMPBIN=''
ECHO_C=''
ECHO_N='-n'
ECHO_T=''
EGREP=''
EXEEXT=''
FGREP=''
FRONTEND_CFLAGS=''
FRONTEND_LDADD=''
FRONTEND_LDFLAGS=''
GREP=''
GTK_CFLAGS=''
GTK_CONFIG=''
GTK_LIBS=''
HAVE_NASM_FALSE=''
HAVE_NASM_TRUE=''
INCLUDES=''
INSTALL_DATA='${INSTALL} -m 644'
INSTALL_PROGRAM='${INSTALL}'
INSTALL_SCRIPT='${INSTALL}'
INSTALL_STRIP_PROGRAM='$(install_sh) -c -s'
LD=''
LDADD=''
LDFLAGS=''
LIBICONV=''
LIBOBJS=''
LIBS=''
LIBTOOL=''
LIBTOOL_DEPS=''
LIB_MAJOR_VERSION=''
LIB_MINOR_VERSION=''
LIB_WITH_DECODER_FALSE=''
LIB_WITH_DECODER_TRUE=''
LIPO=''
LN_S=''
LTLIBICONV=''
LTLIBOBJS=''
LT_SYS_LIBRARY_PATH=''
MAINT='#'
MAINTAINER_MODE_FALSE=''
MAINTAINER_MODE_TRUE='#'
MAKEDEP=''
MAKEINFO='${SHELL} /home/philb/ffmpeg-android-maker/sources/libmp3lame/lame-3.100/missing makeinfo'
MANIFEST_TOOL=''
MKDIR_P='/bin/mkdir -p'
NASM=''
NASM_FORMAT=''
NM=''
NMEDIT=''
OBJDUMP=''
OBJEXT=''
OTOOL64=''
OTOOL=''
PACKAGE='lame'
PACKAGE_BUGREPORT='lame-dev@lists.sf.net'
PACKAGE_NAME='lame'
PACKAGE_STRING='lame 3.100'
PACKAGE_TARNAME='lame'
PACKAGE_URL=''
PACKAGE_VERSION='3.100'
PATH_SEPARATOR=':'
PKG_CONFIG=''
PKG_CONFIG_LIBDIR='/home/philb/ffmpeg-android-maker/build/external/arm64-v8a/lib/pkgconfig'
PKG_CONFIG_PATH=''
RANLIB='/toolchains/llvm/prebuilt/linux-x86_64/bin/aarch64-linux-android-ranlib'
RM_F=''
SED=''
SET_MAKE=''
SHELL='/bin/bash'
SNDFILE_CFLAGS=''
SNDFILE_LIBS=''
STRIP='strip'
VERSION='3.100'
WITH_FRONTEND=''
WITH_MP3RTP=''
WITH_MP3X=''
WITH_VECTOR_FALSE=''
WITH_VECTOR_TRUE=''
WITH_XMM_FALSE=''
WITH_XMM_TRUE=''
ac_ct_AR=''
ac_ct_CC=''
ac_ct_DUMPBIN=''
am__EXEEXT_FALSE=''
am__EXEEXT_TRUE=''
am__fastdepCC_FALSE=''
am__fastdepCC_TRUE=''
am__include='include'
am__isrc=''
am__leading_dot='.'
am__nodep='_no'
am__quote=''
am__tar='$${TAR-tar} chof - "$$tardir"'
am__untar='$${TAR-tar} xf -'
bindir='${exec_prefix}/bin'
build='x86_64-unknown-linux-gnu'
build_alias=''
build_cpu='x86_64'
build_os='linux-gnu'
build_vendor='unknown'
datadir='${datarootdir}'
datarootdir='${prefix}/share'
docdir='${datarootdir}/doc/${PACKAGE_TARNAME}'
dvidir='${docdir}'
exec_prefix='NONE'
host='aarch64-unknown-linux-android21'
host_alias='aarch64-linux-android21'
host_cpu='aarch64'
host_os='linux-android21'
host_vendor='unknown'
htmldir='${docdir}'
includedir='${prefix}/include'
infodir='${datarootdir}/info'
install_sh='${SHELL} /home/philb/ffmpeg-android-maker/sources/libmp3lame/lame-3.100/install-sh'
libdir='${exec_prefix}/lib'
libexecdir='${exec_prefix}/libexec'
localedir='${datarootdir}/locale'
localstatedir='${prefix}/var'
mandir='${datarootdir}/man'
mkdir_p='$(MKDIR_P)'
oldincludedir='/usr/include'
pdfdir='${docdir}'
prefix='/home/philb/ffmpeg-android-maker/build/external/arm64-v8a'
program_transform_name='s,x,x,'
psdir='${docdir}'
sbindir='${exec_prefix}/sbin'
sharedstatedir='${prefix}/com'
sysconfdir='${prefix}/etc'
target_alias=''

## ----------- ##
## confdefs.h. ##
## ----------- ##

/* confdefs.h */
#define PACKAGE_NAME "lame"
#define PACKAGE_TARNAME "lame"
#define PACKAGE_VERSION "3.100"
#define PACKAGE_STRING "lame 3.100"
#define PACKAGE_BUGREPORT "lame-dev@lists.sf.net"
#define PACKAGE_URL ""
#define PACKAGE "lame"
#define VERSION "3.100"

configure: exit 77
